[2017-02-19 01:14:32]	Cannot open file 
[2017-02-19 01:14:32]	C:\developement\python\ICTCLAS_Python_Wrapper-master\Data\KeyBlackList.pdat
[2017-02-19 01:28:49]	Cannot open file 
[2017-02-19 01:28:49]	C:\developement\python\ICTCLAS_Python_Wrapper-master\Data\KeyBlackList.pdat
[2017-02-19 02:49:59]	Cannot open file 
[2017-02-19 02:49:59]	C:\developement\python\ICTCLAS_Python_Wrapper-master\Data\KeyBlackList.pdat
[2017-02-19 03:25:13]	Cannot open file 
[2017-02-19 03:25:13]	C:\Users\lxa\AppData\Local\Programs\Python\Python36\Lib\site-packages\nlpirmodule\Data\KeyBlackList.pdat
[2017-02-19 03:25:47]	Cannot open file 
[2017-02-19 03:25:47]	C:\Users\lxa\AppData\Local\Programs\Python\Python36\Lib\site-packages\nlpirmodule\Data\KeyBlackList.pdat
[2017-02-19 03:46:58]	Cannot open file 
[2017-02-19 03:46:58]	C:\developement\python\EvaluationAnalysis\nlpirmodule\Data\KeyBlackList.pdat
[2017-02-19 03:53:55]	Cannot open file 
[2017-02-19 03:53:55]	D:\EvaluationAnalysis\nlpirmodule\Data\KeyBlackList.pdat
[2017-02-19 04:01:02]	Cannot open file 
[2017-02-19 04:01:02]	D:\EvaluationAnalysis\Data\KeyBlackList.pdat
[2017-02-19 04:02:05]	Cannot open file 
[2017-02-19 04:02:05]	D:\EvaluationAnalysis\Data\KeyBlackList.pdat
[2017-02-19 04:08:08]	Cannot open file 
[2017-02-19 04:08:08]	D:\EvaluationAnalysis\Data\KeyBlackList.pdat
[2017-02-19 04:09:11]	Cannot open file 
[2017-02-19 04:09:11]	D:\EvaluationAnalysis\Data\KeyBlackList.pdat
[2017-02-19 04:10:42]	Cannot open file 
[2017-02-19 04:10:42]	D:\EvaluationAnalysis\Data\KeyBlackList.pdat
[2017-02-19 04:17:47]	Cannot open file 
[2017-02-19 04:17:47]	D:\EvaluationAnalysis\Data\KeyBlackList.pdat
[2017-02-19 10:53:50]	Cannot open file 
[2017-02-19 10:53:50]	D:\EvaluationAnalysis\Data\KeyBlackList.pdat
[2017-02-19 11:43:03]	Cannot open file 
[2017-02-19 11:43:03]	D:\EvaluationAnalysis\Data\KeyBlackList.pdat
[2017-02-19 11:55:01]	Cannot open file 
[2017-02-19 11:55:01]	D:\EvaluationAnalysis\Data\KeyBlackList.pdat
